[0.012s] Invoking command in '/home/colm/comp3431-rsa/comp3431_ros2/build/comp3431_starter': CMAKE_PREFIX_PATH=/opt/ros/foxy /usr/bin/cmake /home/colm/comp3431-rsa/comp3431_ros2/src/comp3431_starter -DCMAKE_INSTALL_PREFIX=/home/colm/comp3431-rsa/comp3431_ros2/install/comp3431_starter
[0.065s] -- The C compiler identification is GNU 9.3.0
[0.113s] -- The CXX compiler identification is GNU 9.3.0
[0.118s] -- Check for working C compiler: /usr/bin/cc
[0.186s] -- Check for working C compiler: /usr/bin/cc -- works
[0.187s] -- Detecting C compiler ABI info
[0.248s] -- Detecting C compiler ABI info - done
[0.258s] -- Detecting C compile features
[0.259s] -- Detecting C compile features - done
[0.261s] -- Check for working CXX compiler: /usr/bin/c++
[0.340s] -- Check for working CXX compiler: /usr/bin/c++ -- works
[0.341s] -- Detecting CXX compiler ABI info
[0.415s] -- Detecting CXX compiler ABI info - done
[0.425s] -- Detecting CXX compile features
[0.426s] -- Detecting CXX compile features - done
[0.428s] -- Found ament_cmake: 0.9.8 (/opt/ros/foxy/share/ament_cmake/cmake)
[0.449s] -- Found PythonInterp: /usr/bin/python3 (found suitable version "3.8.10", minimum required is "3") 
[0.449s] -- Using PYTHON_EXECUTABLE: /usr/bin/python3
[0.624s] -- Found rclcpp: 2.3.1 (/opt/ros/foxy/share/rclcpp/cmake)
[0.663s] -- Using all available rosidl_typesupport_c: rosidl_typesupport_fastrtps_c;rosidl_typesupport_introspection_c
[0.668s] -- Found rosidl_adapter: 1.2.1 (/opt/ros/foxy/share/rosidl_adapter/cmake)
[0.743s] -- Found OpenSSL: /usr/lib/x86_64-linux-gnu/libcrypto.so (found version "1.1.1f")  
[0.767s] -- Found FastRTPS: /opt/ros/foxy/include  
[0.840s] -- Using all available rosidl_typesupport_cpp: rosidl_typesupport_fastrtps_cpp;rosidl_typesupport_introspection_cpp
[0.896s] -- Found rmw_implementation_cmake: 1.0.3 (/opt/ros/foxy/share/rmw_implementation_cmake/cmake)
[0.897s] -- Using RMW implementation 'rmw_fastrtps_cpp' as default
[0.898s] -- Looking for pthread.h
[0.964s] -- Looking for pthread.h - found
[0.964s] -- Performing Test CMAKE_HAVE_LIBC_PTHREAD
[1.027s] -- Performing Test CMAKE_HAVE_LIBC_PTHREAD - Failed
[1.028s] -- Looking for pthread_create in pthreads
[1.087s] -- Looking for pthread_create in pthreads - not found
[1.087s] -- Looking for pthread_create in pthread
[1.153s] -- Looking for pthread_create in pthread - found
[1.154s] -- Found Threads: TRUE  
[1.305s] -- Found geometry_msgs: 2.0.4 (/opt/ros/foxy/share/geometry_msgs/cmake)
[1.337s] -- Found sensor_msgs: 2.0.4 (/opt/ros/foxy/share/sensor_msgs/cmake)
[1.407s] -- Found tf2_ros: 0.13.10 (/opt/ros/foxy/share/tf2_ros/cmake)
[1.757s] -- Found ament_lint_auto: 0.9.6 (/opt/ros/foxy/share/ament_lint_auto/cmake)
[1.829s] -- Added test 'copyright' to check source files copyright and LICENSE
[1.830s] -- Added test 'cppcheck' to perform static code analysis on C / C++ code
[1.831s] -- Configured cppcheck include dirs: 
[1.831s] -- Configured cppcheck exclude dirs and/or files: 
[1.831s] -- Added test 'cpplint' to check C / C++ code against the Google style
[1.831s] -- Configured cpplint exclude dirs and/or files: 
[1.832s] -- Added test 'lint_cmake' to check CMake code style
[1.833s] -- Added test 'uncrustify' to check C / C++ code style
[1.833s] -- Configured uncrustify additional arguments: 
[1.834s] -- Added test 'xmllint' to check XML markup files
[1.839s] -- Configuring done
[1.851s] -- Generating done
[1.853s] -- Build files have been written to: /home/colm/comp3431-rsa/comp3431_ros2/build/comp3431_starter
[1.860s] Invoked command in '/home/colm/comp3431-rsa/comp3431_ros2/build/comp3431_starter' returned '0': CMAKE_PREFIX_PATH=/opt/ros/foxy /usr/bin/cmake /home/colm/comp3431-rsa/comp3431_ros2/src/comp3431_starter -DCMAKE_INSTALL_PREFIX=/home/colm/comp3431-rsa/comp3431_ros2/install/comp3431_starter
[1.864s] Invoking command in '/home/colm/comp3431-rsa/comp3431_ros2/build/comp3431_starter': CMAKE_PREFIX_PATH=/opt/ros/foxy /usr/bin/cmake --build /home/colm/comp3431-rsa/comp3431_ros2/build/comp3431_starter -- -j4 -l4
[1.907s] [35m[1mScanning dependencies of target wallFollower[0m
[1.946s] [ 33%] [32mBuilding CXX object CMakeFiles/wallFollower.dir/src/wall_follower.cpp.o[0m
[1.947s] [ 66%] [32mBuilding CXX object CMakeFiles/wallFollower.dir/src/wall_follower_node.cpp.o[0m
[8.521s] [100%] [32m[1mLinking CXX executable wallFollower[0m
[8.866s] [100%] Built target wallFollower
[8.880s] Invoked command in '/home/colm/comp3431-rsa/comp3431_ros2/build/comp3431_starter' returned '0': CMAKE_PREFIX_PATH=/opt/ros/foxy /usr/bin/cmake --build /home/colm/comp3431-rsa/comp3431_ros2/build/comp3431_starter -- -j4 -l4
[8.919s] Invoking command in '/home/colm/comp3431-rsa/comp3431_ros2/build/comp3431_starter': CMAKE_PREFIX_PATH=/opt/ros/foxy /usr/bin/cmake --install /home/colm/comp3431-rsa/comp3431_ros2/build/comp3431_starter
[8.931s] -- Install configuration: ""
[8.932s] -- Installing: /home/colm/comp3431-rsa/comp3431_ros2/install/comp3431_starter/share/ament_index/resource_index/package_run_dependencies/comp3431_starter
[8.932s] -- Installing: /home/colm/comp3431-rsa/comp3431_ros2/install/comp3431_starter/share/ament_index/resource_index/parent_prefix_path/comp3431_starter
[8.932s] -- Installing: /home/colm/comp3431-rsa/comp3431_ros2/install/comp3431_starter/share/comp3431_starter/environment/ament_prefix_path.sh
[8.933s] -- Installing: /home/colm/comp3431-rsa/comp3431_ros2/install/comp3431_starter/share/comp3431_starter/environment/ament_prefix_path.dsv
[8.933s] -- Installing: /home/colm/comp3431-rsa/comp3431_ros2/install/comp3431_starter/share/comp3431_starter/environment/path.sh
[8.933s] -- Installing: /home/colm/comp3431-rsa/comp3431_ros2/install/comp3431_starter/share/comp3431_starter/environment/path.dsv
[8.934s] -- Installing: /home/colm/comp3431-rsa/comp3431_ros2/install/comp3431_starter/share/comp3431_starter/local_setup.bash
[8.934s] -- Installing: /home/colm/comp3431-rsa/comp3431_ros2/install/comp3431_starter/share/comp3431_starter/local_setup.sh
[8.934s] -- Installing: /home/colm/comp3431-rsa/comp3431_ros2/install/comp3431_starter/share/comp3431_starter/local_setup.zsh
[8.935s] -- Installing: /home/colm/comp3431-rsa/comp3431_ros2/install/comp3431_starter/share/comp3431_starter/local_setup.dsv
[8.935s] -- Installing: /home/colm/comp3431-rsa/comp3431_ros2/install/comp3431_starter/share/comp3431_starter/package.dsv
[8.935s] -- Installing: /home/colm/comp3431-rsa/comp3431_ros2/install/comp3431_starter/share/ament_index/resource_index/packages/comp3431_starter
[8.936s] -- Installing: /home/colm/comp3431-rsa/comp3431_ros2/install/comp3431_starter/share/comp3431_starter/cmake/comp3431_starterConfig.cmake
[8.936s] -- Installing: /home/colm/comp3431-rsa/comp3431_ros2/install/comp3431_starter/share/comp3431_starter/cmake/comp3431_starterConfig-version.cmake
[8.936s] -- Installing: /home/colm/comp3431-rsa/comp3431_ros2/install/comp3431_starter/share/comp3431_starter/package.xml
[8.937s] -- Installing: /home/colm/comp3431-rsa/comp3431_ros2/install/comp3431_starter/lib/comp3431_starter/wallFollower
[8.940s] -- Set runtime path of "/home/colm/comp3431-rsa/comp3431_ros2/install/comp3431_starter/lib/comp3431_starter/wallFollower" to ""
[8.943s] Invoked command in '/home/colm/comp3431-rsa/comp3431_ros2/build/comp3431_starter' returned '0': CMAKE_PREFIX_PATH=/opt/ros/foxy /usr/bin/cmake --install /home/colm/comp3431-rsa/comp3431_ros2/build/comp3431_starter
