[0.260s] DEBUG:colcon:Command line arguments: ['/usr/bin/colcon', 'build']
[0.260s] DEBUG:colcon:Parsed command line arguments: Namespace(ament_cmake_args=None, base_paths=['.'], build_base='build', catkin_cmake_args=None, catkin_skip_building_tests=False, cmake_args=None, cmake_clean_cache=False, cmake_clean_first=False, cmake_force_configure=False, cmake_target=None, cmake_target_skip_unavailable=False, continue_on_error=False, event_handlers=None, executor='parallel', ignore_user_meta=False, install_base='install', log_base=None, log_level=None, main=<bound method BuildVerb.main of <colcon_core.verb.build.BuildVerb object at 0x7ff956fcaa90>>, merge_install=False, metas=['./colcon.meta'], packages_above=None, packages_above_and_dependencies=None, packages_above_depth=None, packages_end=None, packages_ignore=None, packages_ignore_regex=None, packages_select=None, packages_select_build_failed=False, packages_select_by_dep=None, packages_select_regex=None, packages_select_test_failures=False, packages_skip=None, packages_skip_build_finished=False, packages_skip_by_dep=None, packages_skip_regex=None, packages_skip_test_passed=False, packages_skip_up_to=None, packages_start=None, packages_up_to=None, packages_up_to_regex=None, parallel_workers=4, paths=None, symlink_install=False, test_result_base=None, verb_extension=<colcon_core.verb.build.BuildVerb object at 0x7ff956fcaa90>, verb_name='build', verb_parser=<colcon_defaults.argument_parser.defaults.DefaultArgumentsDecorator object at 0x7ff956fd5040>)
[0.264s] Level 1:colcon.colcon_core.package_discovery:discover_packages(colcon_meta) check parameters
[0.264s] Level 1:colcon.colcon_core.package_discovery:discover_packages(recursive) check parameters
[0.264s] Level 1:colcon.colcon_core.package_discovery:discover_packages(ignore) check parameters
[0.264s] Level 1:colcon.colcon_core.package_discovery:discover_packages(path) check parameters
[0.264s] Level 1:colcon.colcon_core.package_discovery:discover_packages(colcon_meta) discover
[0.264s] Level 1:colcon.colcon_core.package_discovery:discover_packages(recursive) discover
[0.264s] INFO:colcon.colcon_core.package_discovery:Crawling recursively for packages in '/home/colm/comp3431-rsa/comp3431_ros2'
[0.264s] Level 1:colcon.colcon_core.package_identification:_identify(.) by extensions ['ignore', 'ignore_ament_install']
[0.264s] Level 1:colcon.colcon_core.package_identification:_identify(.) by extension 'ignore'
[0.264s] Level 1:colcon.colcon_core.package_identification:_identify(.) by extension 'ignore_ament_install'
[0.265s] Level 1:colcon.colcon_core.package_identification:_identify(.) by extensions ['colcon_pkg']
[0.265s] Level 1:colcon.colcon_core.package_identification:_identify(.) by extension 'colcon_pkg'
[0.265s] Level 1:colcon.colcon_core.package_identification:_identify(.) by extensions ['colcon_meta']
[0.265s] Level 1:colcon.colcon_core.package_identification:_identify(.) by extension 'colcon_meta'
[0.265s] Level 1:colcon.colcon_core.package_identification:_identify(.) by extensions ['ros']
[0.265s] Level 1:colcon.colcon_core.package_identification:_identify(.) by extension 'ros'
[0.275s] Level 1:colcon.colcon_core.package_identification:_identify(.) by extensions ['cmake', 'python']
[0.275s] Level 1:colcon.colcon_core.package_identification:_identify(.) by extension 'cmake'
[0.276s] Level 1:colcon.colcon_core.package_identification:_identify(.) by extension 'python'
[0.276s] Level 1:colcon.colcon_core.package_identification:_identify(.) by extensions ['python_setup_py']
[0.276s] Level 1:colcon.colcon_core.package_identification:_identify(.) by extension 'python_setup_py'
[0.276s] Level 1:colcon.colcon_core.package_identification:_identify(build) by extensions ['ignore', 'ignore_ament_install']
[0.276s] Level 1:colcon.colcon_core.package_identification:_identify(build) by extension 'ignore'
[0.276s] Level 1:colcon.colcon_core.package_identification:_identify(build) ignored
[0.276s] Level 1:colcon.colcon_core.package_identification:_identify(install) by extensions ['ignore', 'ignore_ament_install']
[0.276s] Level 1:colcon.colcon_core.package_identification:_identify(install) by extension 'ignore'
[0.276s] Level 1:colcon.colcon_core.package_identification:_identify(install) ignored
[0.276s] Level 1:colcon.colcon_core.package_identification:_identify(log) by extensions ['ignore', 'ignore_ament_install']
[0.276s] Level 1:colcon.colcon_core.package_identification:_identify(log) by extension 'ignore'
[0.276s] Level 1:colcon.colcon_core.package_identification:_identify(log) ignored
[0.276s] Level 1:colcon.colcon_core.package_identification:_identify(src) by extensions ['ignore', 'ignore_ament_install']
[0.276s] Level 1:colcon.colcon_core.package_identification:_identify(src) by extension 'ignore'
[0.277s] Level 1:colcon.colcon_core.package_identification:_identify(src) by extension 'ignore_ament_install'
[0.277s] Level 1:colcon.colcon_core.package_identification:_identify(src) by extensions ['colcon_pkg']
[0.277s] Level 1:colcon.colcon_core.package_identification:_identify(src) by extension 'colcon_pkg'
[0.277s] Level 1:colcon.colcon_core.package_identification:_identify(src) by extensions ['colcon_meta']
[0.277s] Level 1:colcon.colcon_core.package_identification:_identify(src) by extension 'colcon_meta'
[0.277s] Level 1:colcon.colcon_core.package_identification:_identify(src) by extensions ['ros']
[0.277s] Level 1:colcon.colcon_core.package_identification:_identify(src) by extension 'ros'
[0.277s] Level 1:colcon.colcon_core.package_identification:_identify(src) by extensions ['cmake', 'python']
[0.277s] Level 1:colcon.colcon_core.package_identification:_identify(src) by extension 'cmake'
[0.277s] Level 1:colcon.colcon_core.package_identification:_identify(src) by extension 'python'
[0.277s] Level 1:colcon.colcon_core.package_identification:_identify(src) by extensions ['python_setup_py']
[0.277s] Level 1:colcon.colcon_core.package_identification:_identify(src) by extension 'python_setup_py'
[0.277s] Level 1:colcon.colcon_core.package_identification:_identify(src/comp3431_starter) by extensions ['ignore', 'ignore_ament_install']
[0.277s] Level 1:colcon.colcon_core.package_identification:_identify(src/comp3431_starter) by extension 'ignore'
[0.277s] Level 1:colcon.colcon_core.package_identification:_identify(src/comp3431_starter) by extension 'ignore_ament_install'
[0.277s] Level 1:colcon.colcon_core.package_identification:_identify(src/comp3431_starter) by extensions ['colcon_pkg']
[0.278s] Level 1:colcon.colcon_core.package_identification:_identify(src/comp3431_starter) by extension 'colcon_pkg'
[0.278s] Level 1:colcon.colcon_core.package_identification:_identify(src/comp3431_starter) by extensions ['colcon_meta']
[0.278s] Level 1:colcon.colcon_core.package_identification:_identify(src/comp3431_starter) by extension 'colcon_meta'
[0.278s] Level 1:colcon.colcon_core.package_identification:_identify(src/comp3431_starter) by extensions ['ros']
[0.278s] Level 1:colcon.colcon_core.package_identification:_identify(src/comp3431_starter) by extension 'ros'
[0.281s] DEBUG:colcon.colcon_core.package_identification:Package 'src/comp3431_starter' with type 'ros.ament_cmake' and name 'comp3431_starter'
[0.281s] Level 1:colcon.colcon_core.package_discovery:discover_packages(recursive) using defaults
[0.281s] Level 1:colcon.colcon_core.package_discovery:discover_packages(ignore) discover
[0.282s] Level 1:colcon.colcon_core.package_discovery:discover_packages(ignore) using defaults
[0.282s] Level 1:colcon.colcon_core.package_discovery:discover_packages(path) discover
[0.282s] Level 1:colcon.colcon_core.package_discovery:discover_packages(path) using defaults
[0.298s] Level 5:colcon.colcon_core.verb:set package 'comp3431_starter' build argument 'cmake_args' from command line to 'None'
[0.298s] Level 5:colcon.colcon_core.verb:set package 'comp3431_starter' build argument 'cmake_target' from command line to 'None'
[0.298s] Level 5:colcon.colcon_core.verb:set package 'comp3431_starter' build argument 'cmake_target_skip_unavailable' from command line to 'False'
[0.298s] Level 5:colcon.colcon_core.verb:set package 'comp3431_starter' build argument 'cmake_clean_cache' from command line to 'False'
[0.298s] Level 5:colcon.colcon_core.verb:set package 'comp3431_starter' build argument 'cmake_clean_first' from command line to 'False'
[0.299s] Level 5:colcon.colcon_core.verb:set package 'comp3431_starter' build argument 'cmake_force_configure' from command line to 'False'
[0.299s] Level 5:colcon.colcon_core.verb:set package 'comp3431_starter' build argument 'ament_cmake_args' from command line to 'None'
[0.299s] Level 5:colcon.colcon_core.verb:set package 'comp3431_starter' build argument 'catkin_cmake_args' from command line to 'None'
[0.299s] Level 5:colcon.colcon_core.verb:set package 'comp3431_starter' build argument 'catkin_skip_building_tests' from command line to 'False'
[0.299s] DEBUG:colcon.colcon_core.verb:Building package 'comp3431_starter' with the following arguments: {'ament_cmake_args': None, 'build_base': '/home/colm/comp3431-rsa/comp3431_ros2/build/comp3431_starter', 'catkin_cmake_args': None, 'catkin_skip_building_tests': False, 'cmake_args': None, 'cmake_clean_cache': False, 'cmake_clean_first': False, 'cmake_force_configure': False, 'cmake_target': None, 'cmake_target_skip_unavailable': False, 'install_base': '/home/colm/comp3431-rsa/comp3431_ros2/install/comp3431_starter', 'merge_install': False, 'path': '/home/colm/comp3431-rsa/comp3431_ros2/src/comp3431_starter', 'symlink_install': False, 'test_result_base': None}
[0.299s] INFO:colcon.colcon_core.executor:Executing jobs using 'parallel' executor
[0.301s] DEBUG:colcon.colcon_parallel_executor.executor.parallel:run_until_complete
[0.301s] INFO:colcon.colcon_ros.task.ament_cmake.build:Building ROS package in '/home/colm/comp3431-rsa/comp3431_ros2/src/comp3431_starter' with build type 'ament_cmake'
[0.301s] INFO:colcon.colcon_cmake.task.cmake.build:Building CMake package in '/home/colm/comp3431-rsa/comp3431_ros2/src/comp3431_starter'
[0.304s] INFO:colcon.colcon_core.plugin_system:Skipping extension 'colcon_core.shell.bat': Not used on non-Windows systems
[0.304s] INFO:colcon.colcon_core.shell:Skip shell extension 'powershell' for command environment: Not usable outside of PowerShell
[0.304s] DEBUG:colcon.colcon_core.shell:Skip shell extension 'dsv' for command environment
[0.306s] DEBUG:colcon.colcon_core.shell:Ignoring prefix path '/opt/ros/foxy'
[0.314s] DEBUG:colcon.colcon_core.event_handler.log_command:Invoking command in '/home/colm/comp3431-rsa/comp3431_ros2/build/comp3431_starter': CMAKE_PREFIX_PATH=/opt/ros/foxy /usr/bin/cmake /home/colm/comp3431-rsa/comp3431_ros2/src/comp3431_starter -DCMAKE_INSTALL_PREFIX=/home/colm/comp3431-rsa/comp3431_ros2/install/comp3431_starter
[2.163s] DEBUG:colcon.colcon_core.event_handler.log_command:Invoked command in '/home/colm/comp3431-rsa/comp3431_ros2/build/comp3431_starter' returned '0': CMAKE_PREFIX_PATH=/opt/ros/foxy /usr/bin/cmake /home/colm/comp3431-rsa/comp3431_ros2/src/comp3431_starter -DCMAKE_INSTALL_PREFIX=/home/colm/comp3431-rsa/comp3431_ros2/install/comp3431_starter
[2.166s] DEBUG:colcon.colcon_core.event_handler.log_command:Invoking command in '/home/colm/comp3431-rsa/comp3431_ros2/build/comp3431_starter': CMAKE_PREFIX_PATH=/opt/ros/foxy /usr/bin/cmake --build /home/colm/comp3431-rsa/comp3431_ros2/build/comp3431_starter -- -j4 -l4
[9.183s] DEBUG:colcon.colcon_core.event_handler.log_command:Invoked command in '/home/colm/comp3431-rsa/comp3431_ros2/build/comp3431_starter' returned '0': CMAKE_PREFIX_PATH=/opt/ros/foxy /usr/bin/cmake --build /home/colm/comp3431-rsa/comp3431_ros2/build/comp3431_starter -- -j4 -l4
[9.222s] DEBUG:colcon.colcon_core.event_handler.log_command:Invoking command in '/home/colm/comp3431-rsa/comp3431_ros2/build/comp3431_starter': CMAKE_PREFIX_PATH=/opt/ros/foxy /usr/bin/cmake --install /home/colm/comp3431-rsa/comp3431_ros2/build/comp3431_starter
[9.244s] Level 1:colcon.colcon_core.environment:create_environment_scripts_only(comp3431_starter)
[9.245s] DEBUG:colcon.colcon_core.event_handler.log_command:Invoked command in '/home/colm/comp3431-rsa/comp3431_ros2/build/comp3431_starter' returned '0': CMAKE_PREFIX_PATH=/opt/ros/foxy /usr/bin/cmake --install /home/colm/comp3431-rsa/comp3431_ros2/build/comp3431_starter
[9.249s] Level 1:colcon.colcon_core.environment:checking '/home/colm/comp3431-rsa/comp3431_ros2/install/comp3431_starter' for CMake module files
[9.249s] Level 1:colcon.colcon_core.environment:checking '/home/colm/comp3431-rsa/comp3431_ros2/install/comp3431_starter' for CMake config files
[9.250s] Level 1:colcon.colcon_core.shell:create_environment_hook('comp3431_starter', 'cmake_prefix_path')
[9.250s] INFO:colcon.colcon_core.shell:Creating environment hook '/home/colm/comp3431-rsa/comp3431_ros2/install/comp3431_starter/share/comp3431_starter/hook/cmake_prefix_path.ps1'
[9.251s] INFO:colcon.colcon_core.shell:Creating environment descriptor '/home/colm/comp3431-rsa/comp3431_ros2/install/comp3431_starter/share/comp3431_starter/hook/cmake_prefix_path.dsv'
[9.251s] INFO:colcon.colcon_core.shell:Creating environment hook '/home/colm/comp3431-rsa/comp3431_ros2/install/comp3431_starter/share/comp3431_starter/hook/cmake_prefix_path.sh'
[9.252s] Level 1:colcon.colcon_core.environment:checking '/home/colm/comp3431-rsa/comp3431_ros2/install/comp3431_starter/lib'
[9.252s] Level 1:colcon.colcon_core.environment:checking '/home/colm/comp3431-rsa/comp3431_ros2/install/comp3431_starter/bin'
[9.252s] Level 1:colcon.colcon_core.environment:checking '/home/colm/comp3431-rsa/comp3431_ros2/install/comp3431_starter/lib/pkgconfig/comp3431_starter.pc'
[9.252s] Level 1:colcon.colcon_core.environment:checking '/home/colm/comp3431-rsa/comp3431_ros2/install/comp3431_starter/lib/python3.8/site-packages'
[9.253s] INFO:colcon.colcon_core.shell:Creating package script '/home/colm/comp3431-rsa/comp3431_ros2/install/comp3431_starter/share/comp3431_starter/package.ps1'
[9.253s] INFO:colcon.colcon_core.shell:Creating package descriptor '/home/colm/comp3431-rsa/comp3431_ros2/install/comp3431_starter/share/comp3431_starter/package.dsv'
[9.254s] INFO:colcon.colcon_core.shell:Creating package script '/home/colm/comp3431-rsa/comp3431_ros2/install/comp3431_starter/share/comp3431_starter/package.sh'
[9.255s] INFO:colcon.colcon_core.shell:Creating package script '/home/colm/comp3431-rsa/comp3431_ros2/install/comp3431_starter/share/comp3431_starter/package.bash'
[9.255s] INFO:colcon.colcon_core.shell:Creating package script '/home/colm/comp3431-rsa/comp3431_ros2/install/comp3431_starter/share/comp3431_starter/package.zsh'
[9.256s] Level 1:colcon.colcon_core.environment:create_file_with_runtime_dependencies(/home/colm/comp3431-rsa/comp3431_ros2/install/comp3431_starter/share/colcon-core/packages/comp3431_starter)
[9.285s] Level 1:colcon.colcon_core.environment:create_environment_scripts_only(comp3431_starter)
[9.286s] Level 1:colcon.colcon_core.environment:checking '/home/colm/comp3431-rsa/comp3431_ros2/install/comp3431_starter' for CMake module files
[9.286s] Level 1:colcon.colcon_core.environment:checking '/home/colm/comp3431-rsa/comp3431_ros2/install/comp3431_starter' for CMake config files
[9.286s] Level 1:colcon.colcon_core.shell:create_environment_hook('comp3431_starter', 'cmake_prefix_path')
[9.287s] INFO:colcon.colcon_core.shell:Creating environment hook '/home/colm/comp3431-rsa/comp3431_ros2/install/comp3431_starter/share/comp3431_starter/hook/cmake_prefix_path.ps1'
[9.287s] INFO:colcon.colcon_core.shell:Creating environment descriptor '/home/colm/comp3431-rsa/comp3431_ros2/install/comp3431_starter/share/comp3431_starter/hook/cmake_prefix_path.dsv'
[9.288s] INFO:colcon.colcon_core.shell:Creating environment hook '/home/colm/comp3431-rsa/comp3431_ros2/install/comp3431_starter/share/comp3431_starter/hook/cmake_prefix_path.sh'
[9.289s] Level 1:colcon.colcon_core.environment:checking '/home/colm/comp3431-rsa/comp3431_ros2/install/comp3431_starter/lib'
[9.289s] Level 1:colcon.colcon_core.environment:checking '/home/colm/comp3431-rsa/comp3431_ros2/install/comp3431_starter/bin'
[9.289s] Level 1:colcon.colcon_core.environment:checking '/home/colm/comp3431-rsa/comp3431_ros2/install/comp3431_starter/lib/pkgconfig/comp3431_starter.pc'
[9.289s] Level 1:colcon.colcon_core.environment:checking '/home/colm/comp3431-rsa/comp3431_ros2/install/comp3431_starter/lib/python3.8/site-packages'
[9.290s] INFO:colcon.colcon_core.shell:Creating package script '/home/colm/comp3431-rsa/comp3431_ros2/install/comp3431_starter/share/comp3431_starter/package.ps1'
[9.290s] INFO:colcon.colcon_core.shell:Creating package descriptor '/home/colm/comp3431-rsa/comp3431_ros2/install/comp3431_starter/share/comp3431_starter/package.dsv'
[9.291s] INFO:colcon.colcon_core.shell:Creating package script '/home/colm/comp3431-rsa/comp3431_ros2/install/comp3431_starter/share/comp3431_starter/package.sh'
[9.291s] INFO:colcon.colcon_core.shell:Creating package script '/home/colm/comp3431-rsa/comp3431_ros2/install/comp3431_starter/share/comp3431_starter/package.bash'
[9.292s] INFO:colcon.colcon_core.shell:Creating package script '/home/colm/comp3431-rsa/comp3431_ros2/install/comp3431_starter/share/comp3431_starter/package.zsh'
[9.292s] Level 1:colcon.colcon_core.environment:create_file_with_runtime_dependencies(/home/colm/comp3431-rsa/comp3431_ros2/install/comp3431_starter/share/colcon-core/packages/comp3431_starter)
[9.292s] DEBUG:colcon.colcon_parallel_executor.executor.parallel:closing loop
[9.293s] DEBUG:colcon.colcon_parallel_executor.executor.parallel:loop closed
[9.293s] DEBUG:colcon.colcon_parallel_executor.executor.parallel:run_until_complete finished with '0'
[9.293s] DEBUG:colcon.colcon_core.event_reactor:joining thread
[9.300s] INFO:colcon.colcon_core.plugin_system:Skipping extension 'colcon_notification.desktop_notification.terminal_notifier': Not used on non-Darwin systems
[9.300s] INFO:colcon.colcon_core.plugin_system:Skipping extension 'colcon_notification.desktop_notification.win32': Not used on non-Windows systems
[9.300s] INFO:colcon.colcon_notification.desktop_notification:Sending desktop notification using 'notify2'
[9.314s] DEBUG:colcon.colcon_core.event_reactor:joined thread
[9.315s] INFO:colcon.colcon_core.shell:Creating prefix script '/home/colm/comp3431-rsa/comp3431_ros2/install/local_setup.ps1'
[9.316s] INFO:colcon.colcon_core.shell:Creating prefix util module '/home/colm/comp3431-rsa/comp3431_ros2/install/_local_setup_util_ps1.py'
[9.317s] INFO:colcon.colcon_core.shell:Creating prefix chain script '/home/colm/comp3431-rsa/comp3431_ros2/install/setup.ps1'
[9.319s] INFO:colcon.colcon_core.shell:Creating prefix script '/home/colm/comp3431-rsa/comp3431_ros2/install/local_setup.sh'
[9.320s] INFO:colcon.colcon_core.shell:Creating prefix util module '/home/colm/comp3431-rsa/comp3431_ros2/install/_local_setup_util_sh.py'
[9.320s] INFO:colcon.colcon_core.shell:Creating prefix chain script '/home/colm/comp3431-rsa/comp3431_ros2/install/setup.sh'
[9.322s] INFO:colcon.colcon_core.shell:Creating prefix script '/home/colm/comp3431-rsa/comp3431_ros2/install/local_setup.bash'
[9.323s] INFO:colcon.colcon_core.shell:Creating prefix chain script '/home/colm/comp3431-rsa/comp3431_ros2/install/setup.bash'
[9.325s] INFO:colcon.colcon_core.shell:Creating prefix script '/home/colm/comp3431-rsa/comp3431_ros2/install/local_setup.zsh'
[9.325s] INFO:colcon.colcon_core.shell:Creating prefix chain script '/home/colm/comp3431-rsa/comp3431_ros2/install/setup.zsh'
